Authentication Successful: Token - XdBE3lesjh
--------------------------------------------------
Authenticated Token: XdBE3lesjh
Request: 2025-01-15 16:37:14.109215 UTC | Type: GET | Content: Client 2 says hello!
Response: 2025-01-15 16:37:14.109257 UTC | Content: GET Response to: Client 2 says hello!
--------------------------------------------------
Authentication Successful: Token - q69L0xBG9y
--------------------------------------------------
Authenticated Token: q69L0xBG9y
Request: 2025-01-15 16:37:14.207373 UTC | Type: POST | Content: Client 5 says hello!
Response: 2025-01-15 16:37:14.207384 UTC | Content: POST Response to: Client 5 says hello!
--------------------------------------------------
Authentication Successful: Token - XdBE3lesjh
--------------------------------------------------
Authenticated Token: XdBE3lesjh
Request: 2025-01-15 16:37:14.248396 UTC | Type: DELETE | Content: Client 10 says hello!
Response: 2025-01-15 16:37:14.248422 UTC | Content: DELETE Response: Client 10 says hello! has been deleted
--------------------------------------------------
Authentication Successful: Token - XdBE3lesjh
--------------------------------------------------
Authenticated Token: XdBE3lesjh
Request: 2025-01-15 16:37:14.331758 UTC | Type: GET | Content: Client 7 says hello!
Response: 2025-01-15 16:37:14.331788 UTC | Content: GET Response to: Client 7 says hello!
--------------------------------------------------
Authentication Successful: Token - mdUfIXhQrc
--------------------------------------------------
Authenticated Token: mdUfIXhQrc
Request: 2025-01-15 16:37:14.33177 UTC | Type: DELETE | Content: Client 6 says hello!
Response: 2025-01-15 16:37:14.332428 UTC | Content: DELETE Response: Client 6 says hello! has been deleted
--------------------------------------------------
Authentication Successful: Token - 46VI4lub7O
--------------------------------------------------
Authenticated Token: 46VI4lub7O
Request: 2025-01-15 16:37:14.342793 UTC | Type: POST | Content: Client 9 says hello!
Response: 2025-01-15 16:37:14.342798 UTC | Content: POST Response to: Client 9 says hello!
--------------------------------------------------
Authentication Successful: Token - AOWu2gMEgI
--------------------------------------------------
Authenticated Token: AOWu2gMEgI
Request: 2025-01-15 16:37:14.377569 UTC | Type: DELETE | Content: Client 1 says hello!
Response: 2025-01-15 16:37:14.377577 UTC | Content: DELETE Response: Client 1 says hello! has been deleted
--------------------------------------------------
Authentication Successful: Token - AOWu2gMEgI
--------------------------------------------------
Authenticated Token: AOWu2gMEgI
Request: 2025-01-15 16:37:14.380855 UTC | Type: POST | Content: Client 10 says hello!
Response: 2025-01-15 16:37:14.380865 UTC | Content: POST Response to: Client 10 says hello!
--------------------------------------------------
Authentication Successful: Token - XdBE3lesjh
--------------------------------------------------
Authenticated Token: XdBE3lesjh
Request: 2025-01-15 16:37:14.390701 UTC | Type: POST | Content: Client 8 says hello!
Response: 2025-01-15 16:37:14.390709 UTC | Content: POST Response to: Client 8 says hello!
--------------------------------------------------
Authentication Successful: Token - mdUfIXhQrc
--------------------------------------------------
Authenticated Token: mdUfIXhQrc
Request: 2025-01-15 16:37:14.397504 UTC | Type: DELETE | Content: Client 3 says hello!
Response: 2025-01-15 16:37:14.397616 UTC | Content: DELETE Response: Client 3 says hello! has been deleted
--------------------------------------------------
Authentication Successful: Token - 46VI4lub7O
--------------------------------------------------
Authenticated Token: 46VI4lub7O
Request: 2025-01-15 16:37:14.402017 UTC | Type: DELETE | Content: Client 4 says hello!
Response: 2025-01-15 16:37:14.402027 UTC | Content: DELETE Response: Client 4 says hello! has been deleted
--------------------------------------------------
Authentication Successful: Token - 46VI4lub7O
--------------------------------------------------
Authenticated Token: 46VI4lub7O
Request: 2025-01-15 16:37:14.420162 UTC | Type: GET | Content: Client 5 says hello!
Response: 2025-01-15 16:37:14.420184 UTC | Content: GET Response to: Client 5 says hello!
--------------------------------------------------
Authentication Successful: Token - q69L0xBG9y
--------------------------------------------------
Authenticated Token: q69L0xBG9y
Request: 2025-01-15 16:37:14.471684 UTC | Type: POST | Content: Client 7 says hello!
Response: 2025-01-15 16:37:14.471699 UTC | Content: POST Response to: Client 7 says hello!
--------------------------------------------------
Authentication Successful: Token - mdUfIXhQrc
--------------------------------------------------
Authenticated Token: mdUfIXhQrc
Request: 2025-01-15 16:37:14.522697 UTC | Type: DELETE | Content: Client 5 says hello!
Response: 2025-01-15 16:37:14.522737 UTC | Content: DELETE Response: Client 5 says hello! has been deleted
--------------------------------------------------
Authentication Successful: Token - AOWu2gMEgI
--------------------------------------------------
Authenticated Token: AOWu2gMEgI
Request: 2025-01-15 16:37:14.530584 UTC | Type: GET | Content: Client 10 says hello!
Response: 2025-01-15 16:37:14.530594 UTC | Content: GET Response to: Client 10 says hello!
--------------------------------------------------
Authentication Successful: Token - XdBE3lesjh
--------------------------------------------------
Authenticated Token: XdBE3lesjh
Request: 2025-01-15 16:37:14.655066 UTC | Type: DELETE | Content: Client 8 says hello!
Response: 2025-01-15 16:37:14.655088 UTC | Content: DELETE Response: Client 8 says hello! has been deleted
--------------------------------------------------
Authentication Successful: Token - XdBE3lesjh
--------------------------------------------------
Authenticated Token: XdBE3lesjh
Request: 2025-01-15 16:37:14.655078 UTC | Type: POST | Content: Client 2 says hello!
Response: 2025-01-15 16:37:14.655689 UTC | Content: POST Response to: Client 2 says hello!
--------------------------------------------------
Authentication Successful: Token - 46VI4lub7O
--------------------------------------------------
Authenticated Token: 46VI4lub7O
Request: 2025-01-15 16:37:14.658465 UTC | Type: POST | Content: Client 7 says hello!
Response: 2025-01-15 16:37:14.658482 UTC | Content: POST Response to: Client 7 says hello!
--------------------------------------------------
Authentication Successful: Token - XdBE3lesjh
--------------------------------------------------
Authenticated Token: XdBE3lesjh
Request: 2025-01-15 16:37:14.70949 UTC | Type: POST | Content: Client 9 says hello!
Response: 2025-01-15 16:37:14.709496 UTC | Content: POST Response to: Client 9 says hello!
--------------------------------------------------
Authentication Failed (Retry): Token - XdBE3lesjh
Request Requeued: 2025-01-15 16:37:14.767534 UTC | Type: GET | Content: Client 1 says hello!
--------------------------------------------------
Authentication Successful: Token - XdBE3lesjh
--------------------------------------------------
Authenticated Token: XdBE3lesjh
Request: 2025-01-15 16:37:14.767534 UTC | Type: GET | Content: Client 1 says hello!
Response: 2025-01-15 16:37:14.767775 UTC | Content: GET Response to: Client 1 says hello!
--------------------------------------------------
Authentication Successful: Token - AOWu2gMEgI
--------------------------------------------------
Authenticated Token: AOWu2gMEgI
Request: 2025-01-15 16:37:14.767538 UTC | Type: POST | Content: Client 6 says hello!
Response: 2025-01-15 16:37:14.768253 UTC | Content: POST Response to: Client 6 says hello!
--------------------------------------------------
Authentication Successful: Token - AOWu2gMEgI
--------------------------------------------------
Authenticated Token: AOWu2gMEgI
Request: 2025-01-15 16:37:14.825575 UTC | Type: POST | Content: Client 3 says hello!
Response: 2025-01-15 16:37:14.825586 UTC | Content: POST Response to: Client 3 says hello!
--------------------------------------------------
Authentication Successful: Token - 46VI4lub7O
--------------------------------------------------
Authenticated Token: 46VI4lub7O
Request: 2025-01-15 16:37:14.864403 UTC | Type: DELETE | Content: Client 4 says hello!
Response: 2025-01-15 16:37:14.864415 UTC | Content: DELETE Response: Client 4 says hello! has been deleted
--------------------------------------------------
Authentication Successful: Token - q69L0xBG9y
--------------------------------------------------
Authenticated Token: q69L0xBG9y
Request: 2025-01-15 16:37:14.883427 UTC | Type: POST | Content: Client 5 says hello!
Response: 2025-01-15 16:37:14.883445 UTC | Content: POST Response to: Client 5 says hello!
--------------------------------------------------
Authentication Failed (Retry): Token - mdUfIXhQrc
Request Requeued: 2025-01-15 16:37:14.950412 UTC | Type: POST | Content: Client 3 says hello!
--------------------------------------------------
Authentication Successful: Token - mdUfIXhQrc
--------------------------------------------------
Authenticated Token: mdUfIXhQrc
Request: 2025-01-15 16:37:14.950412 UTC | Type: POST | Content: Client 3 says hello!
Response: 2025-01-15 16:37:14.950659 UTC | Content: POST Response to: Client 3 says hello!
--------------------------------------------------
Authentication Successful: Token - q69L0xBG9y
--------------------------------------------------
Authenticated Token: q69L0xBG9y
Request: 2025-01-15 16:37:14.969104 UTC | Type: POST | Content: Client 10 says hello!
Response: 2025-01-15 16:37:14.96911 UTC | Content: POST Response to: Client 10 says hello!
--------------------------------------------------
Authentication Failed (Retry): Token - mdUfIXhQrc
Request Requeued: 2025-01-15 16:37:14.969113 UTC | Type: DELETE | Content: Client 1 says hello!
--------------------------------------------------
Authentication Successful: Token - mdUfIXhQrc
--------------------------------------------------
Authenticated Token: mdUfIXhQrc
Request: 2025-01-15 16:37:14.969113 UTC | Type: DELETE | Content: Client 1 says hello!
Response: 2025-01-15 16:37:14.969417 UTC | Content: DELETE Response: Client 1 says hello! has been deleted
--------------------------------------------------
Authentication Successful: Token - q69L0xBG9y
--------------------------------------------------
Authenticated Token: q69L0xBG9y
Request: 2025-01-15 16:37:15.011178 UTC | Type: DELETE | Content: Client 9 says hello!
Response: 2025-01-15 16:37:15.011189 UTC | Content: DELETE Response: Client 9 says hello! has been deleted
--------------------------------------------------
Authentication Successful: Token - XdBE3lesjh
--------------------------------------------------
Authenticated Token: XdBE3lesjh
Request: 2025-01-15 16:37:15.015005 UTC | Type: GET | Content: Client 4 says hello!
Response: 2025-01-15 16:37:15.015014 UTC | Content: GET Response to: Client 4 says hello!
--------------------------------------------------
Authentication Successful: Token - 46VI4lub7O
--------------------------------------------------
Authenticated Token: 46VI4lub7O
Request: 2025-01-15 16:37:15.058284 UTC | Type: GET | Content: Client 6 says hello!
Response: 2025-01-15 16:37:15.058291 UTC | Content: GET Response to: Client 6 says hello!
--------------------------------------------------
Authentication Successful: Token - q69L0xBG9y
--------------------------------------------------
Authenticated Token: q69L0xBG9y
Request: 2025-01-15 16:37:15.092702 UTC | Type: DELETE | Content: Client 8 says hello!
Response: 2025-01-15 16:37:15.092723 UTC | Content: DELETE Response: Client 8 says hello! has been deleted
--------------------------------------------------
Authentication Successful: Token - XdBE3lesjh
--------------------------------------------------
Authenticated Token: XdBE3lesjh
Request: 2025-01-15 16:37:15.111792 UTC | Type: POST | Content: Client 2 says hello!
Response: 2025-01-15 16:37:15.11181 UTC | Content: POST Response to: Client 2 says hello!
--------------------------------------------------
Authentication Successful: Token - mdUfIXhQrc
--------------------------------------------------
Authenticated Token: mdUfIXhQrc
Request: 2025-01-15 16:37:15.293852 UTC | Type: DELETE | Content: Client 7 says hello!
Response: 2025-01-15 16:37:15.29386 UTC | Content: DELETE Response: Client 7 says hello! has been deleted
--------------------------------------------------
Authentication Successful: Token - mdUfIXhQrc
--------------------------------------------------
Authenticated Token: mdUfIXhQrc
Request: 2025-01-15 16:37:15.293852 UTC | Type: POST | Content: Client 8 says hello!
Response: 2025-01-15 16:37:15.294612 UTC | Content: POST Response to: Client 8 says hello!
--------------------------------------------------
Authentication Failed (Retry): Token - 46VI4lub7O
Request Requeued: 2025-01-15 16:37:15.29386 UTC | Type: POST | Content: Client 4 says hello!
--------------------------------------------------
Authentication Failed (Retry): Token - XdBE3lesjh
Request Requeued: 2025-01-15 16:37:15.293868 UTC | Type: DELETE | Content: Client 9 says hello!
--------------------------------------------------
Authentication Successful: Token - 46VI4lub7O
--------------------------------------------------
Authenticated Token: 46VI4lub7O
Request: 2025-01-15 16:37:15.29386 UTC | Type: POST | Content: Client 4 says hello!
Response: 2025-01-15 16:37:15.294906 UTC | Content: POST Response to: Client 4 says hello!
--------------------------------------------------
Authentication Successful: Token - XdBE3lesjh
--------------------------------------------------
Authenticated Token: XdBE3lesjh
Request: 2025-01-15 16:37:15.293868 UTC | Type: DELETE | Content: Client 9 says hello!
Response: 2025-01-15 16:37:15.295034 UTC | Content: DELETE Response: Client 9 says hello! has been deleted
--------------------------------------------------
Authentication Successful: Token - XdBE3lesjh
--------------------------------------------------
Authenticated Token: XdBE3lesjh
Request: 2025-01-15 16:37:15.29871 UTC | Type: POST | Content: Client 5 says hello!
Response: 2025-01-15 16:37:15.29872 UTC | Content: POST Response to: Client 5 says hello!
--------------------------------------------------
Authentication Successful: Token - 46VI4lub7O
--------------------------------------------------
Authenticated Token: 46VI4lub7O
Request: 2025-01-15 16:37:15.298713 UTC | Type: GET | Content: Client 6 says hello!
Response: 2025-01-15 16:37:15.298923 UTC | Content: GET Response to: Client 6 says hello!
--------------------------------------------------
Authentication Successful: Token - XdBE3lesjh
--------------------------------------------------
Authenticated Token: XdBE3lesjh
Request: 2025-01-15 16:37:15.355746 UTC | Type: DELETE | Content: Client 1 says hello!
Response: 2025-01-15 16:37:15.355835 UTC | Content: DELETE Response: Client 1 says hello! has been deleted
--------------------------------------------------
Authentication Failed (Retry): Token - XdBE3lesjh
Request Requeued: 2025-01-15 16:37:15.409711 UTC | Type: DELETE | Content: Client 10 says hello!
--------------------------------------------------
Authentication Successful: Token - XdBE3lesjh
--------------------------------------------------
Authenticated Token: XdBE3lesjh
Request: 2025-01-15 16:37:15.409711 UTC | Type: DELETE | Content: Client 10 says hello!
Response: 2025-01-15 16:37:15.409897 UTC | Content: DELETE Response: Client 10 says hello! has been deleted
--------------------------------------------------
Authentication Successful: Token - 46VI4lub7O
--------------------------------------------------
Authenticated Token: 46VI4lub7O
Request: 2025-01-15 16:37:15.415806 UTC | Type: POST | Content: Client 2 says hello!
Response: 2025-01-15 16:37:15.415931 UTC | Content: POST Response to: Client 2 says hello!
--------------------------------------------------
Authentication Successful: Token - XdBE3lesjh
--------------------------------------------------
Authenticated Token: XdBE3lesjh
Request: 2025-01-15 16:37:15.425856 UTC | Type: POST | Content: Client 7 says hello!
Response: 2025-01-15 16:37:15.425875 UTC | Content: POST Response to: Client 7 says hello!
--------------------------------------------------
Authentication Successful: Token - XdBE3lesjh
--------------------------------------------------
Authenticated Token: XdBE3lesjh
Request: 2025-01-15 16:37:15.445378 UTC | Type: POST | Content: Client 3 says hello!
Response: 2025-01-15 16:37:15.445395 UTC | Content: POST Response to: Client 3 says hello!
--------------------------------------------------
Authentication Successful: Token - AOWu2gMEgI
--------------------------------------------------
Authenticated Token: AOWu2gMEgI
Request: 2025-01-15 16:37:15.480419 UTC | Type: DELETE | Content: Client 8 says hello!
Response: 2025-01-15 16:37:15.480427 UTC | Content: DELETE Response: Client 8 says hello! has been deleted
--------------------------------------------------
Authentication Successful: Token - mdUfIXhQrc
--------------------------------------------------
Authenticated Token: mdUfIXhQrc
Request: 2025-01-15 16:37:15.517281 UTC | Type: POST | Content: Client 6 says hello!
Response: 2025-01-15 16:37:15.517289 UTC | Content: POST Response to: Client 6 says hello!
--------------------------------------------------
Authentication Successful: Token - mdUfIXhQrc
--------------------------------------------------
Authenticated Token: mdUfIXhQrc
Request: 2025-01-15 16:37:15.543301 UTC | Type: GET | Content: Client 7 says hello!
Response: 2025-01-15 16:37:15.543308 UTC | Content: GET Response to: Client 7 says hello!
--------------------------------------------------
Authentication Successful: Token - mdUfIXhQrc
--------------------------------------------------
Authenticated Token: mdUfIXhQrc
Request: 2025-01-15 16:37:15.657607 UTC | Type: DELETE | Content: Client 5 says hello!
Response: 2025-01-15 16:37:15.65762 UTC | Content: DELETE Response: Client 5 says hello! has been deleted
--------------------------------------------------
Authentication Successful: Token - AOWu2gMEgI
--------------------------------------------------
Authenticated Token: AOWu2gMEgI
Request: 2025-01-15 16:37:15.666648 UTC | Type: DELETE | Content: Client 9 says hello!
Response: 2025-01-15 16:37:15.666655 UTC | Content: DELETE Response: Client 9 says hello! has been deleted
--------------------------------------------------
Authentication Failed (Retry): Token - XdBE3lesjh
Request Requeued: 2025-01-15 16:37:15.729103 UTC | Type: DELETE | Content: Client 4 says hello!
--------------------------------------------------
Authentication Successful: Token - XdBE3lesjh
--------------------------------------------------
Authenticated Token: XdBE3lesjh
Request: 2025-01-15 16:37:15.729103 UTC | Type: DELETE | Content: Client 4 says hello!
Response: 2025-01-15 16:37:15.729296 UTC | Content: DELETE Response: Client 4 says hello! has been deleted
--------------------------------------------------
Authentication Successful: Token - q69L0xBG9y
--------------------------------------------------
Authenticated Token: q69L0xBG9y
Request: 2025-01-15 16:37:15.73812 UTC | Type: GET | Content: Client 3 says hello!
Response: 2025-01-15 16:37:15.73813 UTC | Content: GET Response to: Client 3 says hello!
--------------------------------------------------
Authentication Successful: Token - q69L0xBG9y
--------------------------------------------------
Authenticated Token: q69L0xBG9y
Request: 2025-01-15 16:37:15.73813 UTC | Type: GET | Content: Client 1 says hello!
Response: 2025-01-15 16:37:15.738387 UTC | Content: GET Response to: Client 1 says hello!
--------------------------------------------------
Authentication Successful: Token - q69L0xBG9y
--------------------------------------------------
Authenticated Token: q69L0xBG9y
Request: 2025-01-15 16:37:15.793303 UTC | Type: DELETE | Content: Client 9 says hello!
Response: 2025-01-15 16:37:15.793323 UTC | Content: DELETE Response: Client 9 says hello! has been deleted
--------------------------------------------------
Authentication Successful: Token - AOWu2gMEgI
--------------------------------------------------
Authenticated Token: AOWu2gMEgI
Request: 2025-01-15 16:37:15.82368 UTC | Type: GET | Content: Client 10 says hello!
Response: 2025-01-15 16:37:15.82386 UTC | Content: GET Response to: Client 10 says hello!
--------------------------------------------------
Authentication Failed (Retry): Token - 46VI4lub7O
Request Requeued: 2025-01-15 16:37:15.833323 UTC | Type: DELETE | Content: Client 2 says hello!
--------------------------------------------------
Authentication Successful: Token - 46VI4lub7O
--------------------------------------------------
Authenticated Token: 46VI4lub7O
Request: 2025-01-15 16:37:15.833323 UTC | Type: DELETE | Content: Client 2 says hello!
Response: 2025-01-15 16:37:15.833745 UTC | Content: DELETE Response: Client 2 says hello! has been deleted
--------------------------------------------------
Authentication Successful: Token - AOWu2gMEgI
--------------------------------------------------
Authenticated Token: AOWu2gMEgI
Request: 2025-01-15 16:37:15.84774 UTC | Type: POST | Content: Client 6 says hello!
Response: 2025-01-15 16:37:15.847749 UTC | Content: POST Response to: Client 6 says hello!
--------------------------------------------------
Authentication Successful: Token - AOWu2gMEgI
--------------------------------------------------
Authenticated Token: AOWu2gMEgI
Request: 2025-01-15 16:37:15.865451 UTC | Type: GET | Content: Client 4 says hello!
Response: 2025-01-15 16:37:15.865473 UTC | Content: GET Response to: Client 4 says hello!
--------------------------------------------------
Authentication Failed (Retry): Token - XdBE3lesjh
Request Requeued: 2025-01-15 16:37:15.882488 UTC | Type: DELETE | Content: Client 8 says hello!
--------------------------------------------------
Authentication Failed (Retry): Token - XdBE3lesjh
Request Requeued: 2025-01-15 16:37:15.882488 UTC | Type: DELETE | Content: Client 8 says hello!
--------------------------------------------------
Authentication Successful: Token - XdBE3lesjh
--------------------------------------------------
Authenticated Token: XdBE3lesjh
Request: 2025-01-15 16:37:15.882488 UTC | Type: DELETE | Content: Client 8 says hello!
Response: 2025-01-15 16:37:15.882779 UTC | Content: DELETE Response: Client 8 says hello! has been deleted
--------------------------------------------------
Authentication Successful: Token - q69L0xBG9y
--------------------------------------------------
Authenticated Token: q69L0xBG9y
Request: 2025-01-15 16:37:15.908809 UTC | Type: POST | Content: Client 7 says hello!
Response: 2025-01-15 16:37:15.908817 UTC | Content: POST Response to: Client 7 says hello!
--------------------------------------------------
Authentication Successful: Token - 46VI4lub7O
--------------------------------------------------
Authenticated Token: 46VI4lub7O
Request: 2025-01-15 16:37:15.968907 UTC | Type: POST | Content: Client 5 says hello!
Response: 2025-01-15 16:37:15.969019 UTC | Content: POST Response to: Client 5 says hello!
--------------------------------------------------
Authentication Failed (Retry): Token - XdBE3lesjh
Request Requeued: 2025-01-15 16:37:15.969006 UTC | Type: POST | Content: Client 2 says hello!
--------------------------------------------------
Authentication Failed (Retry): Token - XdBE3lesjh
Request Requeued: 2025-01-15 16:37:15.969006 UTC | Type: POST | Content: Client 2 says hello!
--------------------------------------------------
Authentication Successful: Token - XdBE3lesjh
--------------------------------------------------
Authenticated Token: XdBE3lesjh
Request: 2025-01-15 16:37:15.969006 UTC | Type: POST | Content: Client 2 says hello!
Response: 2025-01-15 16:37:15.969645 UTC | Content: POST Response to: Client 2 says hello!
--------------------------------------------------
Authentication Failed (Retry): Token - mdUfIXhQrc
Request Requeued: 2025-01-15 16:37:16.030756 UTC | Type: DELETE | Content: Client 3 says hello!
--------------------------------------------------
Authentication Successful: Token - mdUfIXhQrc
--------------------------------------------------
Authenticated Token: mdUfIXhQrc
Request: 2025-01-15 16:37:16.030756 UTC | Type: DELETE | Content: Client 3 says hello!
Response: 2025-01-15 16:37:16.030988 UTC | Content: DELETE Response: Client 3 says hello! has been deleted
--------------------------------------------------
Authentication Successful: Token - 46VI4lub7O
--------------------------------------------------
Authenticated Token: 46VI4lub7O
Request: 2025-01-15 16:37:16.112726 UTC | Type: POST | Content: Client 7 says hello!
Response: 2025-01-15 16:37:16.11283 UTC | Content: POST Response to: Client 7 says hello!
--------------------------------------------------
Authentication Successful: Token - mdUfIXhQrc
--------------------------------------------------
Authenticated Token: mdUfIXhQrc
Request: 2025-01-15 16:37:16.233693 UTC | Type: POST | Content: Client 1 says hello!
Response: 2025-01-15 16:37:16.2337 UTC | Content: POST Response to: Client 1 says hello!
--------------------------------------------------
Authentication Successful: Token - mdUfIXhQrc
--------------------------------------------------
Authenticated Token: mdUfIXhQrc
Request: 2025-01-15 16:37:16.603348 UTC | Type: GET | Content: Client 3 says hello!
Response: 2025-01-15 16:37:16.603353 UTC | Content: GET Response to: Client 3 says hello!
--------------------------------------------------
Authentication Successful: Token - q69L0xBG9y
--------------------------------------------------
Authenticated Token: q69L0xBG9y
Request: 2025-01-15 16:37:16.603354 UTC | Type: GET | Content: Client 8 says hello!
Response: 2025-01-15 16:37:16.60408 UTC | Content: GET Response to: Client 8 says hello!
--------------------------------------------------
Authentication Successful: Token - q69L0xBG9y
--------------------------------------------------
Authenticated Token: q69L0xBG9y
Request: 2025-01-15 16:37:16.603353 UTC | Type: GET | Content: Client 9 says hello!
Response: 2025-01-15 16:37:16.604239 UTC | Content: GET Response to: Client 9 says hello!
--------------------------------------------------
Authentication Successful: Token - XdBE3lesjh
--------------------------------------------------
Authenticated Token: XdBE3lesjh
Request: 2025-01-15 16:37:16.603353 UTC | Type: DELETE | Content: Client 4 says hello!
Response: 2025-01-15 16:37:16.604385 UTC | Content: DELETE Response: Client 4 says hello! has been deleted
--------------------------------------------------
Authentication Successful: Token - q69L0xBG9y
--------------------------------------------------
Authenticated Token: q69L0xBG9y
Request: 2025-01-15 16:37:16.603355 UTC | Type: DELETE | Content: Client 6 says hello!
Response: 2025-01-15 16:37:16.604531 UTC | Content: DELETE Response: Client 6 says hello! has been deleted
--------------------------------------------------
Authentication Successful: Token - XdBE3lesjh
--------------------------------------------------
Authenticated Token: XdBE3lesjh
Request: 2025-01-15 16:37:16.603358 UTC | Type: DELETE | Content: Client 7 says hello!
Response: 2025-01-15 16:37:16.604673 UTC | Content: DELETE Response: Client 7 says hello! has been deleted
--------------------------------------------------
Authentication Failed (Retry): Token - XdBE3lesjh
Request Requeued: 2025-01-15 16:37:16.603361 UTC | Type: GET | Content: Client 2 says hello!
--------------------------------------------------
Authentication Successful: Token - 46VI4lub7O
--------------------------------------------------
Authenticated Token: 46VI4lub7O
Request: 2025-01-15 16:37:16.603365 UTC | Type: POST | Content: Client 5 says hello!
Response: 2025-01-15 16:37:16.604932 UTC | Content: POST Response to: Client 5 says hello!
--------------------------------------------------
Authentication Successful: Token - q69L0xBG9y
--------------------------------------------------
Authenticated Token: q69L0xBG9y
Request: 2025-01-15 16:37:16.603373 UTC | Type: POST | Content: Client 10 says hello!
Response: 2025-01-15 16:37:16.605031 UTC | Content: POST Response to: Client 10 says hello!
--------------------------------------------------
Authentication Successful: Token - XdBE3lesjh
--------------------------------------------------
Authenticated Token: XdBE3lesjh
Request: 2025-01-15 16:37:16.603361 UTC | Type: GET | Content: Client 2 says hello!
Response: 2025-01-15 16:37:16.605197 UTC | Content: GET Response to: Client 2 says hello!
--------------------------------------------------
Authentication Successful: Token - 46VI4lub7O
--------------------------------------------------
Authenticated Token: 46VI4lub7O
Request: 2025-01-15 16:37:16.677692 UTC | Type: POST | Content: Client 1 says hello!
Response: 2025-01-15 16:37:16.677711 UTC | Content: POST Response to: Client 1 says hello!
--------------------------------------------------
Authentication Successful: Token - AOWu2gMEgI
--------------------------------------------------
Authenticated Token: AOWu2gMEgI
Request: 2025-01-15 16:37:16.706996 UTC | Type: POST | Content: Client 7 says hello!
Response: 2025-01-15 16:37:16.707018 UTC | Content: POST Response to: Client 7 says hello!
--------------------------------------------------
Authentication Successful: Token - AOWu2gMEgI
--------------------------------------------------
Authenticated Token: AOWu2gMEgI
Request: 2025-01-15 16:37:16.717346 UTC | Type: DELETE | Content: Client 9 says hello!
Response: 2025-01-15 16:37:16.717447 UTC | Content: DELETE Response: Client 9 says hello! has been deleted
--------------------------------------------------
Authentication Successful: Token - AOWu2gMEgI
--------------------------------------------------
Authenticated Token: AOWu2gMEgI
Request: 2025-01-15 16:37:16.736396 UTC | Type: DELETE | Content: Client 4 says hello!
Response: 2025-01-15 16:37:16.73641 UTC | Content: DELETE Response: Client 4 says hello! has been deleted
--------------------------------------------------
Authentication Successful: Token - XdBE3lesjh
--------------------------------------------------
Authenticated Token: XdBE3lesjh
Request: 2025-01-15 16:37:16.762097 UTC | Type: DELETE | Content: Client 2 says hello!
Response: 2025-01-15 16:37:16.762108 UTC | Content: DELETE Response: Client 2 says hello! has been deleted
--------------------------------------------------
Authentication Successful: Token - 46VI4lub7O
--------------------------------------------------
Authenticated Token: 46VI4lub7O
Request: 2025-01-15 16:37:16.778317 UTC | Type: DELETE | Content: Client 1 says hello!
Response: 2025-01-15 16:37:16.778336 UTC | Content: DELETE Response: Client 1 says hello! has been deleted
--------------------------------------------------
Authentication Failed (Retry): Token - AOWu2gMEgI
Request Requeued: 2025-01-15 16:37:16.791339 UTC | Type: GET | Content: Client 10 says hello!
--------------------------------------------------
Authentication Successful: Token - AOWu2gMEgI
--------------------------------------------------
Authenticated Token: AOWu2gMEgI
Request: 2025-01-15 16:37:16.791339 UTC | Type: GET | Content: Client 10 says hello!
Response: 2025-01-15 16:37:16.79154 UTC | Content: GET Response to: Client 10 says hello!
--------------------------------------------------
Authentication Successful: Token - XdBE3lesjh
--------------------------------------------------
Authenticated Token: XdBE3lesjh
Request: 2025-01-15 16:37:16.919557 UTC | Type: GET | Content: Client 1 says hello!
Response: 2025-01-15 16:37:16.919564 UTC | Content: GET Response to: Client 1 says hello!
--------------------------------------------------
Authentication Successful: Token - AOWu2gMEgI
--------------------------------------------------
Authenticated Token: AOWu2gMEgI
Request: 2025-01-15 16:37:16.935574 UTC | Type: DELETE | Content: Client 5 says hello!
Response: 2025-01-15 16:37:16.935581 UTC | Content: DELETE Response: Client 5 says hello! has been deleted
--------------------------------------------------
Authentication Failed (Retry): Token - XdBE3lesjh
Request Requeued: 2025-01-15 16:37:16.954623 UTC | Type: POST | Content: Client 6 says hello!
--------------------------------------------------
Authentication Successful: Token - XdBE3lesjh
--------------------------------------------------
Authenticated Token: XdBE3lesjh
Request: 2025-01-15 16:37:16.954623 UTC | Type: POST | Content: Client 6 says hello!
Response: 2025-01-15 16:37:16.954845 UTC | Content: POST Response to: Client 6 says hello!
--------------------------------------------------
Authentication Successful: Token - 46VI4lub7O
--------------------------------------------------
Authenticated Token: 46VI4lub7O
Request: 2025-01-15 16:37:16.982964 UTC | Type: DELETE | Content: Client 3 says hello!
Response: 2025-01-15 16:37:16.982983 UTC | Content: DELETE Response: Client 3 says hello! has been deleted
--------------------------------------------------
Authentication Successful: Token - 46VI4lub7O
--------------------------------------------------
Authenticated Token: 46VI4lub7O
Request: 2025-01-15 16:37:16.993207 UTC | Type: GET | Content: Client 8 says hello!
Response: 2025-01-15 16:37:16.993216 UTC | Content: GET Response to: Client 8 says hello!
--------------------------------------------------
Authentication Successful: Token - AOWu2gMEgI
--------------------------------------------------
Authenticated Token: AOWu2gMEgI
Request: 2025-01-15 16:37:17.057535 UTC | Type: POST | Content: Client 9 says hello!
Response: 2025-01-15 16:37:17.057559 UTC | Content: POST Response to: Client 9 says hello!
--------------------------------------------------
Authentication Successful: Token - mdUfIXhQrc
--------------------------------------------------
Authenticated Token: mdUfIXhQrc
Request: 2025-01-15 16:37:17.139885 UTC | Type: DELETE | Content: Client 5 says hello!
Response: 2025-01-15 16:37:17.139914 UTC | Content: DELETE Response: Client 5 says hello! has been deleted
--------------------------------------------------
Authentication Successful: Token - XdBE3lesjh
--------------------------------------------------
Authenticated Token: XdBE3lesjh
Request: 2025-01-15 16:37:17.143274 UTC | Type: GET | Content: Client 2 says hello!
Response: 2025-01-15 16:37:17.14329 UTC | Content: GET Response to: Client 2 says hello!
--------------------------------------------------
Authentication Successful: Token - XdBE3lesjh
--------------------------------------------------
Authenticated Token: XdBE3lesjh
Request: 2025-01-15 16:37:17.233603 UTC | Type: DELETE | Content: Client 4 says hello!
Response: 2025-01-15 16:37:17.233618 UTC | Content: DELETE Response: Client 4 says hello! has been deleted
--------------------------------------------------
Authentication Successful: Token - q69L0xBG9y
--------------------------------------------------
Authenticated Token: q69L0xBG9y
Request: 2025-01-15 16:37:17.243644 UTC | Type: POST | Content: Client 10 says hello!
Response: 2025-01-15 16:37:17.243652 UTC | Content: POST Response to: Client 10 says hello!
--------------------------------------------------
Authentication Failed (Retry): Token - mdUfIXhQrc
Request Requeued: 2025-01-15 16:37:17.342992 UTC | Type: DELETE | Content: Client 1 says hello!
--------------------------------------------------
Authentication Successful: Token - mdUfIXhQrc
--------------------------------------------------
Authenticated Token: mdUfIXhQrc
Request: 2025-01-15 16:37:17.342992 UTC | Type: DELETE | Content: Client 1 says hello!
Response: 2025-01-15 16:37:17.343195 UTC | Content: DELETE Response: Client 1 says hello! has been deleted
--------------------------------------------------
Authentication Successful: Token - mdUfIXhQrc
--------------------------------------------------
Authenticated Token: mdUfIXhQrc
Request: 2025-01-15 16:37:17.352031 UTC | Type: DELETE | Content: Client 2 says hello!
Response: 2025-01-15 16:37:17.352041 UTC | Content: DELETE Response: Client 2 says hello! has been deleted
--------------------------------------------------
Authentication Successful: Token - 46VI4lub7O
--------------------------------------------------
Authenticated Token: 46VI4lub7O
Request: 2025-01-15 16:37:17.358773 UTC | Type: POST | Content: Client 3 says hello!
Response: 2025-01-15 16:37:17.358797 UTC | Content: POST Response to: Client 3 says hello!
--------------------------------------------------
Authentication Successful: Token - XdBE3lesjh
--------------------------------------------------
Authenticated Token: XdBE3lesjh
Request: 2025-01-15 16:37:17.364439 UTC | Type: GET | Content: Client 4 says hello!
Response: 2025-01-15 16:37:17.364442 UTC | Content: GET Response to: Client 4 says hello!
--------------------------------------------------
Authentication Successful: Token - mdUfIXhQrc
--------------------------------------------------
Authenticated Token: mdUfIXhQrc
Request: 2025-01-15 16:37:17.399489 UTC | Type: DELETE | Content: Client 8 says hello!
Response: 2025-01-15 16:37:17.399529 UTC | Content: DELETE Response: Client 8 says hello! has been deleted
--------------------------------------------------
Authentication Successful: Token - q69L0xBG9y
--------------------------------------------------
Authenticated Token: q69L0xBG9y
Request: 2025-01-15 16:37:17.447259 UTC | Type: GET | Content: Client 9 says hello!
Response: 2025-01-15 16:37:17.447275 UTC | Content: GET Response to: Client 9 says hello!
--------------------------------------------------
Authentication Successful: Token - XdBE3lesjh
--------------------------------------------------
Authenticated Token: XdBE3lesjh
Request: 2025-01-15 16:37:17.448398 UTC | Type: DELETE | Content: Client 6 says hello!
Response: 2025-01-15 16:37:17.4484 UTC | Content: DELETE Response: Client 6 says hello! has been deleted
--------------------------------------------------
Authentication Successful: Token - XdBE3lesjh
--------------------------------------------------
Authenticated Token: XdBE3lesjh
Request: 2025-01-15 16:37:17.530482 UTC | Type: GET | Content: Client 10 says hello!
Response: 2025-01-15 16:37:17.530522 UTC | Content: GET Response to: Client 10 says hello!
--------------------------------------------------
Authentication Successful: Token - mdUfIXhQrc
--------------------------------------------------
Authenticated Token: mdUfIXhQrc
Request: 2025-01-15 16:37:17.725691 UTC | Type: DELETE | Content: Client 3 says hello!
Response: 2025-01-15 16:37:17.725776 UTC | Content: DELETE Response: Client 3 says hello! has been deleted
--------------------------------------------------
Authentication Successful: Token - 46VI4lub7O
--------------------------------------------------
Authenticated Token: 46VI4lub7O
Request: 2025-01-15 16:37:17.795172 UTC | Type: DELETE | Content: Client 8 says hello!
Response: 2025-01-15 16:37:17.795216 UTC | Content: DELETE Response: Client 8 says hello! has been deleted
--------------------------------------------------
Authentication Failed (Retry): Token - XdBE3lesjh
Request Requeued: 2025-01-15 16:37:17.861921 UTC | Type: DELETE | Content: Client 6 says hello!
--------------------------------------------------
Authentication Successful: Token - XdBE3lesjh
--------------------------------------------------
Authenticated Token: XdBE3lesjh
Request: 2025-01-15 16:37:17.861921 UTC | Type: DELETE | Content: Client 6 says hello!
Response: 2025-01-15 16:37:17.862104 UTC | Content: DELETE Response: Client 6 says hello! has been deleted
--------------------------------------------------
Final Summary: Total Requests Processed = 100
